<?xml version="1.0" encoding="UTF-8"?>
<!-- Generated by org.testng.reporters.JUnitReportReporter -->
<testsuite hostname="Sohaib" failures="0" tests="3" name="DataBaseTesting.DataBaseTesting.AppTest" time="0.848" errors="0" timestamp="2025-05-17T07:19:21 GMT+03:00" skipped="2">
  <testcase classname="DataBaseTesting.DataBaseTesting.AppTest" name="ReadeDataBase" time="0.848"/>
  <testcase classname="DataBaseTesting.DataBaseTesting.AppTest" name="InsertIntoDataBase">
    <skipped/>
  </testcase> <!-- InsertIntoDataBase -->
  <testcase classname="DataBaseTesting.DataBaseTesting.AppTest" name="UpdateDataBase">
    <skipped/>
  </testcase> <!-- UpdateDataBase -->
</testsuite> <!-- DataBaseTesting.DataBaseTesting.AppTest -->
